Using pre-set license
Built from '2020.3/release' branch; Version is '2020.3.12f1 (b3b2c6512326) revision 11776710'; Using compiler version '192528614'; Build Type 'Release'
OS: 'Windows 10 Education; OS build 19042.1110; Version 2009; 64bit' Language: 'ru' Physical Memory: 16259 MB
BatchMode: 1, IsHumanControllingUs: 0, StartBugReporterOnCrash: 0, Is64bit: 1, IsPro: 0

 COMMAND LINE ARGUMENTS:
G:\uniti\2020.3.12f1\Editor\Unity.exe
-adb2
-batchMode
-noUpm
-name
AssetImportWorker0
-projectPath
G:/uniti/FinalRedCarGame
-logFile
Logs/AssetImportWorker0.log
-srvPort
59809
Successfully changed project path to: G:/uniti/FinalRedCarGame
G:/uniti/FinalRedCarGame
Using Asset Import Pipeline V2.
Refreshing native plugins compatible for Editor in 26.86 ms, found 2 plugins.
Preloading 0 native plugins for Editor in 0.00 ms.
Initialize engine version: 2020.3.12f1 (b3b2c6512326)
[Subsystems] Discovering subsystems at path G:/uniti/2020.3.12f1/Editor/Data/Resources/UnitySubsystems
[Subsystems] Discovering subsystems at path G:/uniti/FinalRedCarGame/Assets
GfxDevice: creating device client; threaded=0
Direct3D:
    Version:  Direct3D 11.0 [level 11.1]
    Renderer: Intel(R) UHD Graphics 630 (ID=0x3e92)
    Vendor:   
    VRAM:     8129 MB
    Driver:   26.20.100.7642
Initialize mono
Mono path[0] = 'G:/uniti/2020.3.12f1/Editor/Data/Managed'
Mono path[1] = 'G:/uniti/2020.3.12f1/Editor/Data/MonoBleedingEdge/lib/mono/unityjit'
Mono config path = 'G:/uniti/2020.3.12f1/Editor/Data/MonoBleedingEdge/etc'
Using monoOptions --debugger-agent=transport=dt_socket,embedding=1,server=y,suspend=n,address=127.0.0.1:56128
Begin MonoManager ReloadAssembly
Registering precompiled unity dll's ...
Register platform support module: G:/uniti/2020.3.12f1/Editor/Data/PlaybackEngines/WindowsStandaloneSupport/UnityEditor.WindowsStandalone.Extensions.dll
Registered in 0.000756 seconds.
Native extension for WindowsStandalone target not found
Refreshing native plugins compatible for Editor in 25.59 ms, found 2 plugins.
Preloading 0 native plugins for Editor in 0.00 ms.
Mono: successfully reloaded assembly
- Completed reload, in  0.688 seconds
Platform modules already initialized, skipping
Registering precompiled user dll's ...
Registered in 0.001788 seconds.
Begin MonoManager ReloadAssembly
Native extension for WindowsStandalone target not found
Refreshing native plugins compatible for Editor in 0.31 ms, found 2 plugins.
Preloading 0 native plugins for Editor in 0.00 ms.
Mono: successfully reloaded assembly
- Completed reload, in  0.847 seconds
Platform modules already initialized, skipping
========================================================================
Worker process is ready to serve import requests
Launched and connected shader compiler UnityShaderCompiler.exe after 0.05 seconds
Refreshing native plugins compatible for Editor in 0.30 ms, found 2 plugins.
Preloading 0 native plugins for Editor in 0.00 ms.
Unloading 1570 Unused Serialized files (Serialized files now loaded: 0)
System memory in use before: 147.6 MB.
System memory in use after: 147.6 MB.

Unloading 20 unused Assets to reduce memory usage. Loaded Objects now: 2022.
Total: 1.767200 ms (FindLiveObjects: 0.126500 ms CreateObjectMapping: 0.042100 ms MarkObjects: 1.518300 ms  DeleteObjects: 0.079300 ms)

AssetImportParameters requested are different than current active one (requested -> active):
  custom:framework-win-MediaFoundation: 216162199b28c13a410421893ffa2e32 -> 
  custom:video-decoder-ogg-theora: a1e56fd34408186e4bbccfd4996cb3dc -> 
  custom:container-muxer-webm: aa71ff27fc2769a1b78a27578f13a17b -> 
  custom:container-demuxer-webm: 4f35f7cbe854078d1ac9338744f61a02 -> 
  custom:container-demuxer-ogg: 62fdf1f143b41e24485cea50d1cbac27 -> 
  custom:video-encoder-webm-vp8: eb34c28f22e8b96e1ab97ce403110664 -> 
  custom:video-decoder-webm-vp8: 9c59270c3fd7afecdb556c50c9e8de78 -> 
  custom:audio-decoder-ogg-vorbis: bf7c407c2cedff20999df2af8eb42d56 -> 
  custom:audio-encoder-webm-vorbis: bf7c407c2cedff20999df2af8eb42d56 -> 
========================================================================
Received Import Request.
  path: Assets/Sound/Tibet Part 1 Loop.wav
  artifactKey: Guid(7e4fc2cd138d10141a424d36c30b1782) Importer(815301076,1909f56bfc062723c751e8b465ee728b)
Start importing Assets/Sound/Tibet Part 1 Loop.wav using Guid(7e4fc2cd138d10141a424d36c30b1782) Importer(815301076,1909f56bfc062723c751e8b465ee728b)  -> (artifact id: '1882d54e326e4cf6b59635ce5c250c3a') in 0.073875 seconds 
  Import took 0.076443 seconds .

========================================================================
Received Import Request.
  Time since last request: 0.000252 seconds.
  path: Assets/Sound/bg.mp3
  artifactKey: Guid(a156f0d8176eb8c49b2f52c8dd353cff) Importer(815301076,1909f56bfc062723c751e8b465ee728b)
Start importing Assets/Sound/bg.mp3 using Guid(a156f0d8176eb8c49b2f52c8dd353cff) Importer(815301076,1909f56bfc062723c751e8b465ee728b)  -> (artifact id: '12011415a1b7151db7eb997207efe93c') in 0.012656 seconds 
  Import took 0.015833 seconds .

========================================================================
Received Import Request.
  Time since last request: 0.000262 seconds.
  path: Assets/Sound/Tibet Part 4 Loop.wav
  artifactKey: Guid(4410868ffe62b9b4fb5b0214f1cdf266) Importer(815301076,1909f56bfc062723c751e8b465ee728b)
Start importing Assets/Sound/Tibet Part 4 Loop.wav using Guid(4410868ffe62b9b4fb5b0214f1cdf266) Importer(815301076,1909f56bfc062723c751e8b465ee728b)  -> (artifact id: '7f673159d644b77a169a274547b2483a') in 0.040694 seconds 
  Import took 0.043726 seconds .

========================================================================
Received Import Request.
  Time since last request: 0.000342 seconds.
  path: Assets/Sound
  artifactKey: Guid(023af11f26bcc3040a573ede96e4d226) Importer(815301076,1909f56bfc062723c751e8b465ee728b)
Start importing Assets/Sound using Guid(023af11f26bcc3040a573ede96e4d226) Importer(815301076,1909f56bfc062723c751e8b465ee728b)  -> (artifact id: '27544343bf5cf5a113dac8a91a8bac28') in 0.005605 seconds 
  Import took 0.009157 seconds .

========================================================================
Received Import Request.
  Time since last request: 0.000310 seconds.
  path: Assets/Sound/your_file_(tools.diktorov.net).wav
  artifactKey: Guid(fc3f70b4a510d43438ca51782af05de1) Importer(815301076,1909f56bfc062723c751e8b465ee728b)
Start importing Assets/Sound/your_file_(tools.diktorov.net).wav using Guid(fc3f70b4a510d43438ca51782af05de1) Importer(815301076,1909f56bfc062723c751e8b465ee728b)  -> (artifact id: '9bcc208710efc28c6ea9b48669837487') in 0.019769 seconds 
  Import took 0.022399 seconds .

========================================================================
Received Import Request.
  Time since last request: 0.000299 seconds.
  path: Assets/Sound/Cannon.mp3
  artifactKey: Guid(038d1afc6b62f6949bb31a9aa7ce22bb) Importer(815301076,1909f56bfc062723c751e8b465ee728b)
Start importing Assets/Sound/Cannon.mp3 using Guid(038d1afc6b62f6949bb31a9aa7ce22bb) Importer(815301076,1909f56bfc062723c751e8b465ee728b)  -> (artifact id: '3b25c3969f7093a8845a4765b989b0f4') in 0.030481 seconds 
  Import took 0.033931 seconds .

========================================================================
Received Import Request.
  Time since last request: 0.000304 seconds.
  path: Assets/Sound/CannonBallPlayer.mp3
  artifactKey: Guid(9b5747bd90d59d9408483a9272ae1d44) Importer(815301076,1909f56bfc062723c751e8b465ee728b)
Start importing Assets/Sound/CannonBallPlayer.mp3 using Guid(9b5747bd90d59d9408483a9272ae1d44) Importer(815301076,1909f56bfc062723c751e8b465ee728b)  -> (artifact id: 'f6fa002e3a8412c3e343854a8e5f66c6') in 0.020749 seconds 
  Import took 0.024411 seconds .

========================================================================
Received Import Request.
  Time since last request: 0.000365 seconds.
  path: Assets/Sound/Metal impact 5.wav
  artifactKey: Guid(d6b9eddb4489a16468f64e975712e569) Importer(815301076,1909f56bfc062723c751e8b465ee728b)
Start importing Assets/Sound/Metal impact 5.wav using Guid(d6b9eddb4489a16468f64e975712e569) Importer(815301076,1909f56bfc062723c751e8b465ee728b)  -> (artifact id: 'ca3282e3218b32f52867b0227939dbd9') in 0.023846 seconds 
  Import took 0.027636 seconds .

========================================================================
Received Import Request.
  Time since last request: 0.000283 seconds.
  path: Assets/Sound/beep.FLAC
  artifactKey: Guid(b2d491de4dff0ba4f9c2ca6967e8e28c) Importer(815301076,1909f56bfc062723c751e8b465ee728b)
Start importing Assets/Sound/beep.FLAC using Guid(b2d491de4dff0ba4f9c2ca6967e8e28c) Importer(815301076,1909f56bfc062723c751e8b465ee728b)  -> (artifact id: '652124c99a374a5be354581bad90b13c') in 0.051637 seconds 
  Import took 0.054310 seconds .

========================================================================
Received Import Request.
  Time since last request: 0.000220 seconds.
  path: Assets/Sound/MusicMenu.mp3
  artifactKey: Guid(4ceab1b570abf564a8483c11ce5546a2) Importer(815301076,1909f56bfc062723c751e8b465ee728b)
Start importing Assets/Sound/MusicMenu.mp3 using Guid(4ceab1b570abf564a8483c11ce5546a2) Importer(815301076,1909f56bfc062723c751e8b465ee728b)  -> (artifact id: '1bd0889ac518d9420ca2565bb7ed6c5f') in 0.008748 seconds 
  Import took 0.010905 seconds .

========================================================================
Received Import Request.
  Time since last request: 0.000221 seconds.
  path: Assets/Sound/10070.mp3
  artifactKey: Guid(16228d789253a674f9ec45c981d5e659) Importer(815301076,1909f56bfc062723c751e8b465ee728b)
Start importing Assets/Sound/10070.mp3 using Guid(16228d789253a674f9ec45c981d5e659) Importer(815301076,1909f56bfc062723c751e8b465ee728b)  -> (artifact id: 'ff34c50dda60869413a958b4cf0bff70') in 0.012446 seconds 
  Import took 0.015194 seconds .

========================================================================
Received Import Request.
  Time since last request: 0.000237 seconds.
  path: Assets/Sound/Tibet Part 3 Loop.wav
  artifactKey: Guid(a377002ab943cd14ea55cd896bddf944) Importer(815301076,1909f56bfc062723c751e8b465ee728b)
Start importing Assets/Sound/Tibet Part 3 Loop.wav using Guid(a377002ab943cd14ea55cd896bddf944) Importer(815301076,1909f56bfc062723c751e8b465ee728b)  -> (artifact id: '662e676bb0708d07d6bb519832a35aa2') in 0.018465 seconds 
  Import took 0.020967 seconds .

========================================================================
Received Import Request.
  Time since last request: 0.000262 seconds.
  path: Assets/Sound/CannonBallSand.mp3
  artifactKey: Guid(bb6e24006456e7443a350efcf8e7f292) Importer(815301076,1909f56bfc062723c751e8b465ee728b)
Start importing Assets/Sound/CannonBallSand.mp3 using Guid(bb6e24006456e7443a350efcf8e7f292) Importer(815301076,1909f56bfc062723c751e8b465ee728b)  -> (artifact id: '7b704dfd9c85b5ea1f1e721ffe19120a') in 0.019202 seconds 
  Import took 0.022663 seconds .

========================================================================
Received Import Request.
  Time since last request: 0.000247 seconds.
  path: Assets/Sound/Tibet Part 2 Loop.wav
  artifactKey: Guid(24e6c0ee4b2d3c2428941801ce6d6085) Importer(815301076,1909f56bfc062723c751e8b465ee728b)
Start importing Assets/Sound/Tibet Part 2 Loop.wav using Guid(24e6c0ee4b2d3c2428941801ce6d6085) Importer(815301076,1909f56bfc062723c751e8b465ee728b)  -> (artifact id: '799ba62173adb5b16bb12594dde780d2') in 0.019677 seconds 
  Import took 0.022350 seconds .

========================================================================
Received Prepare
Registering precompiled user dll's ...
Registered in 0.001771 seconds.
Begin MonoManager ReloadAssembly
Native extension for WindowsStandalone target not found
Refreshing native plugins compatible for Editor in 0.31 ms, found 2 plugins.
Preloading 0 native plugins for Editor in 0.00 ms.
Mono: successfully reloaded assembly
- Completed reload, in  0.769 seconds
Platform modules already initialized, skipping
Refreshing native plugins compatible for Editor in 0.30 ms, found 2 plugins.
Preloading 0 native plugins for Editor in 0.00 ms.
Unloading 1563 Unused Serialized files (Serialized files now loaded: 0)
System memory in use before: 150.5 MB.
System memory in use after: 150.6 MB.

Unloading 15 unused Assets to reduce memory usage. Loaded Objects now: 2034.
Total: 1.694400 ms (FindLiveObjects: 0.134400 ms CreateObjectMapping: 0.041100 ms MarkObjects: 1.472000 ms  DeleteObjects: 0.046100 ms)

AssetImportParameters requested are different than current active one (requested -> active):
  custom:framework-win-MediaFoundation: 216162199b28c13a410421893ffa2e32 -> 
  custom:video-decoder-ogg-theora: a1e56fd34408186e4bbccfd4996cb3dc -> 
  custom:container-muxer-webm: aa71ff27fc2769a1b78a27578f13a17b -> 
  custom:container-demuxer-webm: 4f35f7cbe854078d1ac9338744f61a02 -> 
  custom:container-demuxer-ogg: 62fdf1f143b41e24485cea50d1cbac27 -> 
  custom:video-encoder-webm-vp8: eb34c28f22e8b96e1ab97ce403110664 -> 
  custom:video-decoder-webm-vp8: 9c59270c3fd7afecdb556c50c9e8de78 -> 
  custom:audio-decoder-ogg-vorbis: bf7c407c2cedff20999df2af8eb42d56 -> 
  custom:audio-encoder-webm-vorbis: bf7c407c2cedff20999df2af8eb42d56 -> 
========================================================================
Received Import Request.
  Time since last request: 326.164570 seconds.
  path: Assets/Sound/Cannon impact 9.wav
  artifactKey: Guid(e1e246ad57b32b643bb4acef21635911) Importer(815301076,1909f56bfc062723c751e8b465ee728b)
Start importing Assets/Sound/Cannon impact 9.wav using Guid(e1e246ad57b32b643bb4acef21635911) Importer(815301076,1909f56bfc062723c751e8b465ee728b)  -> (artifact id: '01e65711293e8ad3417cd3a1822848a1') in 0.037955 seconds 
  Import took 0.041141 seconds .

========================================================================
Received Import Request.
  Time since last request: 0.000196 seconds.
  path: Assets/Sound/Secret door.wav
  artifactKey: Guid(39106412250d4544f9b5596382ca7cf3) Importer(815301076,1909f56bfc062723c751e8b465ee728b)
Start importing Assets/Sound/Secret door.wav using Guid(39106412250d4544f9b5596382ca7cf3) Importer(815301076,1909f56bfc062723c751e8b465ee728b)  -> (artifact id: '5622369ffc26da68497a8cad520bb488') in 0.010740 seconds 
  Import took 0.013301 seconds .

========================================================================
Received Import Request.
  Time since last request: 0.000319 seconds.
  path: Assets/Sound/Heavy Object Impact 4.wav
  artifactKey: Guid(d60ba7efe03243742a8d8e8d30e5ba99) Importer(815301076,1909f56bfc062723c751e8b465ee728b)
Start importing Assets/Sound/Heavy Object Impact 4.wav using Guid(d60ba7efe03243742a8d8e8d30e5ba99) Importer(815301076,1909f56bfc062723c751e8b465ee728b)  -> (artifact id: '1ab8a141e0bbd9cd678f8bdd04313d65') in 0.021211 seconds 
  Import took 0.023939 seconds .

========================================================================
Received Import Request.
  Time since last request: 0.000212 seconds.
  path: Assets/Sound/Heavy Object Impact 10.wav
  artifactKey: Guid(d69de4f3195b0884f8f24bfd6a32467e) Importer(815301076,1909f56bfc062723c751e8b465ee728b)
Start importing Assets/Sound/Heavy Object Impact 10.wav using Guid(d69de4f3195b0884f8f24bfd6a32467e) Importer(815301076,1909f56bfc062723c751e8b465ee728b)  -> (artifact id: '07bb8dcb9894de8c8bd23dde11c59f4e') in 0.023484 seconds 
  Import took 0.025988 seconds .

========================================================================
Received Import Request.
  Time since last request: 4540.118349 seconds.
  path: Assets/Sound/Track D.wav
  artifactKey: Guid(75277bd6b81f18b4f8c3e8459105ccad) Importer(815301076,1909f56bfc062723c751e8b465ee728b)
Start importing Assets/Sound/Track D.wav using Guid(75277bd6b81f18b4f8c3e8459105ccad) Importer(815301076,1909f56bfc062723c751e8b465ee728b)  -> (artifact id: '0e4d800ab59587b940d4e2aa0f4dcd92') in 0.028383 seconds 
  Import took 0.032606 seconds .

========================================================================
Received Import Request.
  Time since last request: 0.047077 seconds.
  path: Assets/Sound/Track D.wav
  artifactKey: Guid(75277bd6b81f18b4f8c3e8459105ccad) Importer(815301076,1909f56bfc062723c751e8b465ee728b)
Start importing Assets/Sound/Track D.wav using Guid(75277bd6b81f18b4f8c3e8459105ccad) Importer(815301076,1909f56bfc062723c751e8b465ee728b)  -> (artifact id: '0e4d800ab59587b940d4e2aa0f4dcd92') in 0.010026 seconds 
  Import took 0.013019 seconds .

========================================================================
Received Prepare
Registering precompiled user dll's ...
Registered in 0.001978 seconds.
Begin MonoManager ReloadAssembly
Native extension for WindowsStandalone target not found
Refreshing native plugins compatible for Editor in 0.30 ms, found 2 plugins.
Preloading 0 native plugins for Editor in 0.00 ms.
Mono: successfully reloaded assembly
- Completed reload, in  0.770 seconds
Platform modules already initialized, skipping
Refreshing native plugins compatible for Editor in 0.31 ms, found 2 plugins.
Preloading 0 native plugins for Editor in 0.00 ms.
Unloading 1563 Unused Serialized files (Serialized files now loaded: 0)
System memory in use before: 150.6 MB.
System memory in use after: 150.6 MB.

Unloading 15 unused Assets to reduce memory usage. Loaded Objects now: 2038.
Total: 1.714300 ms (FindLiveObjects: 0.129000 ms CreateObjectMapping: 0.040300 ms MarkObjects: 1.493500 ms  DeleteObjects: 0.050700 ms)

AssetImportParameters requested are different than current active one (requested -> active):
  custom:framework-win-MediaFoundation: 216162199b28c13a410421893ffa2e32 -> 
  custom:video-decoder-ogg-theora: a1e56fd34408186e4bbccfd4996cb3dc -> 
  custom:container-muxer-webm: aa71ff27fc2769a1b78a27578f13a17b -> 
  custom:container-demuxer-webm: 4f35f7cbe854078d1ac9338744f61a02 -> 
  custom:container-demuxer-ogg: 62fdf1f143b41e24485cea50d1cbac27 -> 
  custom:video-encoder-webm-vp8: eb34c28f22e8b96e1ab97ce403110664 -> 
  custom:video-decoder-webm-vp8: 9c59270c3fd7afecdb556c50c9e8de78 -> 
  custom:audio-decoder-ogg-vorbis: bf7c407c2cedff20999df2af8eb42d56 -> 
  custom:audio-encoder-webm-vorbis: bf7c407c2cedff20999df2af8eb42d56 -> 
========================================================================
Received Prepare
Registering precompiled user dll's ...
Registered in 0.003610 seconds.
Begin MonoManager ReloadAssembly
Native extension for WindowsStandalone target not found
Refreshing native plugins compatible for Editor in 0.55 ms, found 2 plugins.
Preloading 0 native plugins for Editor in 0.00 ms.
Mono: successfully reloaded assembly
- Completed reload, in  1.368 seconds
Platform modules already initialized, skipping
Refreshing native plugins compatible for Editor in 1.08 ms, found 2 plugins.
Preloading 0 native plugins for Editor in 0.00 ms.
Unloading 1563 Unused Serialized files (Serialized files now loaded: 0)
System memory in use before: 150.6 MB.
System memory in use after: 150.7 MB.

Unloading 15 unused Assets to reduce memory usage. Loaded Objects now: 2041.
Total: 2.639600 ms (FindLiveObjects: 0.282800 ms CreateObjectMapping: 0.146900 ms MarkObjects: 2.145800 ms  DeleteObjects: 0.062900 ms)

AssetImportParameters requested are different than current active one (requested -> active):
  custom:framework-win-MediaFoundation: 216162199b28c13a410421893ffa2e32 -> 
  custom:video-decoder-ogg-theora: a1e56fd34408186e4bbccfd4996cb3dc -> 
  custom:container-muxer-webm: aa71ff27fc2769a1b78a27578f13a17b -> 
  custom:container-demuxer-webm: 4f35f7cbe854078d1ac9338744f61a02 -> 
  custom:container-demuxer-ogg: 62fdf1f143b41e24485cea50d1cbac27 -> 
  custom:video-encoder-webm-vp8: eb34c28f22e8b96e1ab97ce403110664 -> 
  custom:video-decoder-webm-vp8: 9c59270c3fd7afecdb556c50c9e8de78 -> 
  custom:audio-decoder-ogg-vorbis: bf7c407c2cedff20999df2af8eb42d56 -> 
  custom:audio-encoder-webm-vorbis: bf7c407c2cedff20999df2af8eb42d56 -> 
========================================================================
Received Prepare
Registering precompiled user dll's ...
Registered in 0.001778 seconds.
Begin MonoManager ReloadAssembly
Native extension for WindowsStandalone target not found
Refreshing native plugins compatible for Editor in 0.38 ms, found 2 plugins.
Preloading 0 native plugins for Editor in 0.00 ms.
Mono: successfully reloaded assembly
- Completed reload, in  0.791 seconds
Platform modules already initialized, skipping
Refreshing native plugins compatible for Editor in 0.31 ms, found 2 plugins.
Preloading 0 native plugins for Editor in 0.00 ms.
Unloading 1563 Unused Serialized files (Serialized files now loaded: 0)
System memory in use before: 150.6 MB.
System memory in use after: 150.7 MB.

Unloading 15 unused Assets to reduce memory usage. Loaded Objects now: 2044.
Total: 1.779500 ms (FindLiveObjects: 0.125800 ms CreateObjectMapping: 0.039000 ms MarkObjects: 1.560200 ms  DeleteObjects: 0.053700 ms)

AssetImportParameters requested are different than current active one (requested -> active):
  custom:framework-win-MediaFoundation: 216162199b28c13a410421893ffa2e32 -> 
  custom:video-decoder-ogg-theora: a1e56fd34408186e4bbccfd4996cb3dc -> 
  custom:container-muxer-webm: aa71ff27fc2769a1b78a27578f13a17b -> 
  custom:container-demuxer-webm: 4f35f7cbe854078d1ac9338744f61a02 -> 
  custom:container-demuxer-ogg: 62fdf1f143b41e24485cea50d1cbac27 -> 
  custom:video-encoder-webm-vp8: eb34c28f22e8b96e1ab97ce403110664 -> 
  custom:video-decoder-webm-vp8: 9c59270c3fd7afecdb556c50c9e8de78 -> 
  custom:audio-decoder-ogg-vorbis: bf7c407c2cedff20999df2af8eb42d56 -> 
  custom:audio-encoder-webm-vorbis: bf7c407c2cedff20999df2af8eb42d56 -> 
AssetImportWorkerClient::OnTransportError - code=2 error=End of file
